# JRE version: OpenJDK Runtime Environment (23.0.1+11) (build 23.0.1+11-39)
# Java VM: OpenJDK 64-Bit Server VM (23.0.1+11-39, mixed mode, sharing, tiered, compressed oops, compressed class ptrs, g1 gc, linux-amd64)
GC Precious Log:
 CardTable entry size: 512
 Card Set container configuration: InlinePtr #cards 4 size 8 Array Of Cards #cards 16 size 48 Howl #buckets 8 coarsen threshold 3686 Howl Bitmap #cards 512 size 80 coarsen threshold 460 Card regions per heap region 1 cards per card region 4096
 CPUs: 12 total, 12 available
 Memory: 15647M
 Large Page Support: Disabled
 NUMA Support: Disabled
 Compressed Oops: Enabled (Zero based)
 Heap Region Size: 2M
 Heap Min Capacity: 8M
 Heap Initial Capacity: 246M
 Heap Max Capacity: 3912M
 Pre-touch: Disabled
 Parallel Workers: 10
 Concurrent Workers: 3
 Concurrent Refinement Workers: 10
 Periodic GC: Disabled
Heap:
 garbage-first heap   total reserved 4005888K, committed 63488K, used 51475K [0x000000070b800000, 0x0000000800000000)
  region size 2048K, 10 young (20480K), 4 survivors (8192K)
 Metaspace       used 33055K, committed 33472K, reserved 1114112K
  class space    used 3920K, committed 4096K, reserved 1048576K
GC Heap History (8 events):
Event: 0,380 GC heap before
{Heap before GC invocations=0 (full 0):
 garbage-first heap   total reserved 4005888K, committed 253952K, used 23673K [0x000000070b800000, 0x0000000800000000)
  region size 2048K, 12 young (24576K), 0 survivors (0K)
 Metaspace       used 7562K, committed 7744K, reserved 1114112K
  class space    used 817K, committed 896K, reserved 1048576K
}
Event: 0,385 GC heap after
{Heap after GC invocations=1 (full 0):
 garbage-first heap   total reserved 4005888K, committed 253952K, used 8729K [0x000000070b800000, 0x0000000800000000)
  region size 2048K, 2 young (4096K), 2 survivors (4096K)
 Metaspace       used 7562K, committed 7744K, reserved 1114112K
  class space    used 817K, committed 896K, reserved 1048576K
}
Event: 0,672 GC heap before
{Heap before GC invocations=1 (full 0):
 garbage-first heap   total reserved 4005888K, committed 253952K, used 27161K [0x000000070b800000, 0x0000000800000000)
  region size 2048K, 11 young (22528K), 2 survivors (4096K)
 Metaspace       used 15362K, committed 15680K, reserved 1114112K
  class space    used 1888K, committed 2048K, reserved 1048576K
}
Event: 0,676 GC heap after
{Heap after GC invocations=2 (full 0):
 garbage-first heap   total reserved 4005888K, committed 253952K, used 11063K [0x000000070b800000, 0x0000000800000000)
  region size 2048K, 2 young (4096K), 2 survivors (4096K)
 Metaspace       used 15362K, committed 15680K, reserved 1114112K
  class space    used 1888K, committed 2048K, reserved 1048576K
}
Event: 0,889 GC heap before
{Heap before GC invocations=2 (full 0):
 garbage-first heap   total reserved 4005888K, committed 253952K, used 23351K [0x000000070b800000, 0x0000000800000000)
  region size 2048K, 10 young (20480K), 2 survivors (4096K)
 Metaspace       used 21252K, committed 21504K, reserved 1114112K
  class space    used 2552K, committed 2688K, reserved 1048576K
}
Event: 0,892 GC heap after
{Heap after GC invocations=3 (full 0):
 garbage-first heap   total reserved 4005888K, committed 253952K, used 13393K [0x000000070b800000, 0x0000000800000000)
  region size 2048K, 3 young (6144K), 3 survivors (6144K)
 Metaspace       used 21252K, committed 21504K, reserved 1114112K
  class space    used 2552K, committed 2688K, reserved 1048576K
}
Event: 1,196 GC heap before
{Heap before GC invocations=4 (full 0):
 garbage-first heap   total reserved 4005888K, committed 55296K, used 52305K [0x000000070b800000, 0x0000000800000000)
  region size 2048K, 18 young (36864K), 3 survivors (6144K)
 Metaspace       used 31191K, committed 31616K, reserved 1114112K
  class space    used 3717K, committed 3904K, reserved 1048576K
}
Event: 1,201 GC heap after
{Heap after GC invocations=5 (full 0):
 garbage-first heap   total reserved 4005888K, committed 63488K, used 24851K [0x000000070b800000, 0x0000000800000000)
  region size 2048K, 4 young (8192K), 4 survivors (8192K)
 Metaspace       used 31191K, committed 31616K, reserved 1114112K
  class space    used 3717K, committed 3904K, reserved 1048576K
}

