# JRE version: OpenJDK Runtime Environment (23.0.1+11) (build 23.0.1+11-39)
# Java VM: OpenJDK 64-Bit Server VM (23.0.1+11-39, mixed mode, sharing, tiered, compressed oops, compressed class ptrs, g1 gc, linux-amd64)
GC Precious Log:
 CardTable entry size: 512
 Card Set container configuration: InlinePtr #cards 4 size 8 Array Of Cards #cards 16 size 48 Howl #buckets 8 coarsen threshold 3686 Howl Bitmap #cards 512 size 80 coarsen threshold 460 Card regions per heap region 1 cards per card region 4096
 CPUs: 12 total, 12 available
 Memory: 15647M
 Large Page Support: Disabled
 NUMA Support: Disabled
 Compressed Oops: Enabled (Zero based)
 Heap Region Size: 2M
 Heap Min Capacity: 8M
 Heap Initial Capacity: 246M
 Heap Max Capacity: 3912M
 Pre-touch: Disabled
 Parallel Workers: 10
 Concurrent Workers: 3
 Concurrent Refinement Workers: 10
 Periodic GC: Disabled
Heap:
 garbage-first heap   total reserved 4005888K, committed 79872K, used 36100K [0x000000070b800000, 0x0000000800000000)
  region size 2048K, 6 young (12288K), 4 survivors (8192K)
 Metaspace       used 30813K, committed 31232K, reserved 1114112K
  class space    used 3649K, committed 3776K, reserved 1048576K
GC Heap History (8 events):
Event: 0,379 GC heap before
{Heap before GC invocations=0 (full 0):
 garbage-first heap   total reserved 4005888K, committed 253952K, used 23673K [0x000000070b800000, 0x0000000800000000)
  region size 2048K, 12 young (24576K), 0 survivors (0K)
 Metaspace       used 7927K, committed 8128K, reserved 1114112K
  class space    used 858K, committed 960K, reserved 1048576K
}
Event: 0,383 GC heap after
{Heap after GC invocations=1 (full 0):
 garbage-first heap   total reserved 4005888K, committed 253952K, used 8872K [0x000000070b800000, 0x0000000800000000)
  region size 2048K, 2 young (4096K), 2 survivors (4096K)
 Metaspace       used 7927K, committed 8128K, reserved 1114112K
  class space    used 858K, committed 960K, reserved 1048576K
}
Event: 0,651 GC heap before
{Heap before GC invocations=1 (full 0):
 garbage-first heap   total reserved 4005888K, committed 253952K, used 27304K [0x000000070b800000, 0x0000000800000000)
  region size 2048K, 11 young (22528K), 2 survivors (4096K)
 Metaspace       used 15721K, committed 16000K, reserved 1114112K
  class space    used 1931K, committed 2048K, reserved 1048576K
}
Event: 0,655 GC heap after
{Heap after GC invocations=2 (full 0):
 garbage-first heap   total reserved 4005888K, committed 253952K, used 11402K [0x000000070b800000, 0x0000000800000000)
  region size 2048K, 2 young (4096K), 2 survivors (4096K)
 Metaspace       used 15721K, committed 16000K, reserved 1114112K
  class space    used 1931K, committed 2048K, reserved 1048576K
}
Event: 0,875 GC heap before
{Heap before GC invocations=2 (full 0):
 garbage-first heap   total reserved 4005888K, committed 253952K, used 21642K [0x000000070b800000, 0x0000000800000000)
  region size 2048K, 9 young (18432K), 2 survivors (4096K)
 Metaspace       used 21185K, committed 21504K, reserved 1114112K
  class space    used 2540K, committed 2688K, reserved 1048576K
}
Event: 0,879 GC heap after
{Heap after GC invocations=3 (full 0):
 garbage-first heap   total reserved 4005888K, committed 253952K, used 13202K [0x000000070b800000, 0x0000000800000000)
  region size 2048K, 3 young (6144K), 3 survivors (6144K)
 Metaspace       used 21185K, committed 21504K, reserved 1114112K
  class space    used 2540K, committed 2688K, reserved 1048576K
}
Event: 1,235 GC heap before
{Heap before GC invocations=4 (full 0):
 garbage-first heap   total reserved 4005888K, committed 71680K, used 68498K [0x000000070b800000, 0x0000000800000000)
  region size 2048K, 17 young (34816K), 3 survivors (6144K)
 Metaspace       used 30286K, committed 30656K, reserved 1114112K
  class space    used 3575K, committed 3712K, reserved 1048576K
}
Event: 1,239 GC heap after
{Heap after GC invocations=5 (full 0):
 garbage-first heap   total reserved 4005888K, committed 79872K, used 34052K [0x000000070b800000, 0x0000000800000000)
  region size 2048K, 4 young (8192K), 4 survivors (8192K)
 Metaspace       used 30286K, committed 30656K, reserved 1114112K
  class space    used 3575K, committed 3712K, reserved 1048576K
}

